2021-08-23 10:53:28,385 [main] INFO  c.e.d.DemoApplication                              - Starting DemoApplication using Java 16.0.2 on THARINDU-450G6 with PID 12832 (D:\ABX Package Delivery Service\ABX-delivery-app\demo-0.0.1-SNAPSHOT.jar started by TharinduWeerasinghe in D:\ABX Package Delivery Service\ABX-delivery-app) 
2021-08-23 10:53:28,417 [main] INFO  c.e.d.DemoApplication                              - No active profile set, falling back to default profiles: default 
2021-08-23 10:53:29,274 [main] INFO  o.s.d.r.c.RepositoryConfigurationDelegate          - Bootstrapping Spring Data JDBC repositories in DEFAULT mode. 
2021-08-23 10:53:29,289 [main] INFO  o.s.d.r.c.RepositoryConfigurationDelegate          - Finished Spring Data repository scanning in 12 ms. Found 0 JDBC repository interfaces. 
2021-08-23 10:53:30,138 [main] INFO  o.s.b.w.e.t.TomcatWebServer                        - Tomcat initialized with port(s): 8080 (http) 
2021-08-23 10:53:30,160 [main] INFO  o.a.c.h.Http11NioProtocol                          - Initializing ProtocolHandler ["http-nio-8080"] 
2021-08-23 10:53:30,160 [main] INFO  o.a.c.c.StandardService                            - Starting service [Tomcat] 
2021-08-23 10:53:30,160 [main] INFO  o.a.c.c.StandardEngine                             - Starting Servlet engine: [Apache Tomcat/9.0.50] 
2021-08-23 10:53:30,276 [main] INFO  o.a.c.c.C.[.[.[/]                                  - Initializing Spring embedded WebApplicationContext 
2021-08-23 10:53:30,276 [main] INFO  o.s.b.w.s.c.ServletWebServerApplicationContext     - Root WebApplicationContext: initialization completed in 1798 ms 
2021-08-23 10:53:30,323 [main] INFO  c.z.h.HikariDataSource                             - packagedb - Starting... 
2021-08-23 10:53:31,323 [main] INFO  c.z.h.HikariDataSource                             - packagedb - Start completed. 
2021-08-23 10:53:31,338 [main] INFO  o.s.b.a.h.H2ConsoleAutoConfiguration               - H2 console available at '/h2-console'. Database available at 'jdbc:mysql://localhost:3306/packagedb' 
2021-08-23 10:53:32,059 [main] INFO  o.a.c.h.Http11NioProtocol                          - Starting ProtocolHandler ["http-nio-8080"] 
2021-08-23 10:53:32,117 [main] INFO  o.s.b.w.e.t.TomcatWebServer                        - Tomcat started on port(s): 8080 (http) with context path '' 
2021-08-23 10:53:32,131 [main] INFO  c.e.d.DemoApplication                              - Started DemoApplication in 4.288 seconds (JVM running for 6.913) 
2021-08-23 10:53:50,242 [http-nio-8080-exec-1] INFO  o.a.c.c.C.[.[.[/]                                  - Initializing Spring DispatcherServlet 'dispatcherServlet' 
2021-08-23 10:53:50,243 [http-nio-8080-exec-1] INFO  o.s.w.s.DispatcherServlet                          - Initializing Servlet 'dispatcherServlet' 
2021-08-23 10:53:50,244 [http-nio-8080-exec-1] INFO  o.s.w.s.DispatcherServlet                          - Completed initialization in 1 ms 
2021-08-23 10:53:50,311 [http-nio-8080-exec-1] INFO  c.e.d.c.PkgController                              - Requested package details from the SQL database 
2021-08-23 10:54:02,621 [http-nio-8080-exec-2] INFO  c.e.d.c.PkgController                              - Requested package details from the SQL database 
2021-08-23 10:56:31,878 [http-nio-8080-exec-4] INFO  c.e.d.c.PkgController                              - Requested package details from the SQL database 
2021-08-23 10:56:41,649 [http-nio-8080-exec-5] INFO  c.e.d.c.PkgController                              - Requested package details from the SQL database 
2021-08-23 10:56:52,196 [http-nio-8080-exec-6] INFO  c.e.d.c.PkgController                              - Requested package details from the SQL database 
2021-08-23 10:57:03,327 [http-nio-8080-exec-7] INFO  c.e.d.c.PkgController                              - Requested package details from the SQL database 
2021-08-23 10:57:13,127 [http-nio-8080-exec-8] INFO  c.e.d.c.PkgController                              - Requested package details from the SQL database 
2021-08-23 10:57:29,483 [http-nio-8080-exec-9] INFO  c.e.d.c.PkgController                              - Requested package details from the SQL database 
2021-08-23 10:57:50,443 [http-nio-8080-exec-10] INFO  c.e.d.c.PkgController                              - Requested package details from the SQL database 
2021-08-23 10:57:59,406 [http-nio-8080-exec-1] INFO  c.e.d.c.PkgController                              - Requested package details from the SQL database 
2021-08-23 11:01:49,184 [http-nio-8080-exec-3] INFO  c.e.d.c.PkgController                              - Requested package details from the SQL database 
2021-08-23 11:01:56,632 [http-nio-8080-exec-4] INFO  c.e.d.c.PkgController                              - Requested package details from the SQL database 
2021-08-23 11:02:44,502 [http-nio-8080-exec-5] INFO  c.e.d.c.PkgController                              - Requested package details from the SQL database 
2021-08-23 11:03:09,225 [http-nio-8080-exec-6] INFO  c.e.d.c.PkgController                              - Requested package details from the SQL database 
2021-08-23 11:08:50,651 [http-nio-8080-exec-8] INFO  c.e.d.c.PkgController                              - Requested package details from the SQL database 
2021-08-23 11:14:18,616 [http-nio-8080-exec-10] INFO  c.e.d.c.PkgController                              - Requested package details from the SQL database 
2021-08-23 11:14:48,975 [http-nio-8080-exec-1] INFO  c.e.d.c.PkgController                              - Requested package details from the SQL database 
2021-08-23 11:15:32,669 [http-nio-8080-exec-2] INFO  c.e.d.c.PkgController                              - Requested package details from the SQL database 
2021-08-23 11:19:55,267 [http-nio-8080-exec-4] INFO  c.e.d.c.PkgController                              - Requested package details from the SQL database 
2021-08-23 11:32:14,633 [http-nio-8080-exec-6] INFO  c.e.d.c.PkgController                              - Requested package details from the SQL database 
2021-08-23 11:50:27,236 [http-nio-8080-exec-8] INFO  c.e.d.c.PkgController                              - Requested package details from the SQL database 
2021-08-23 11:53:06,696 [http-nio-8080-exec-10] INFO  c.e.d.c.PkgController                              - Requested package details from the SQL database 
2021-08-23 12:06:51,670 [http-nio-8080-exec-2] INFO  c.e.d.c.PkgController                              - Requested package details from the SQL database 
2021-08-23 12:08:06,305 [http-nio-8080-exec-4] INFO  c.e.d.c.PkgController                              - Requested package details from the SQL database 
2021-08-23 12:08:52,844 [http-nio-8080-exec-5] INFO  c.e.d.c.PkgController                              - Requested package details from the SQL database 
2021-08-23 12:18:36,838 [http-nio-8080-exec-7] INFO  c.e.d.c.PkgController                              - Requested package details from the SQL database 
2021-08-23 12:19:11,422 [http-nio-8080-exec-8] INFO  c.e.d.c.PkgController                              - Requested package details from the SQL database 
2021-08-23 12:19:23,136 [http-nio-8080-exec-9] INFO  c.e.d.c.PkgController                              - Requested package details from the SQL database 
2021-08-23 12:33:17,810 [http-nio-8080-exec-1] INFO  c.e.d.c.PkgController                              - Requested package details from the SQL database 
2021-08-23 12:33:28,118 [http-nio-8080-exec-2] INFO  c.e.d.c.PkgController                              - Requested package details from the SQL database 
2021-08-23 12:33:59,563 [http-nio-8080-exec-3] INFO  c.e.d.c.PkgController                              - Requested package details from the SQL database 
2021-08-23 12:34:10,734 [http-nio-8080-exec-4] INFO  c.e.d.c.PkgController                              - Requested package details from the SQL database 
2021-08-23 12:36:55,386 [http-nio-8080-exec-6] INFO  c.e.d.c.PkgController                              - Requested package details from the SQL database 
2021-08-23 12:37:05,593 [http-nio-8080-exec-7] INFO  c.e.d.c.PkgController                              - Requested package details from the SQL database 
2021-08-23 12:37:50,167 [http-nio-8080-exec-8] INFO  c.e.d.c.PkgController                              - Requested package details from the SQL database 
2021-08-23 12:37:59,763 [http-nio-8080-exec-9] INFO  c.e.d.c.PkgController                              - Requested package details from the SQL database 
2021-08-23 12:58:56,224 [http-nio-8080-exec-1] INFO  c.e.d.c.PkgController                              - Requested package details from the SQL database 
2021-08-23 13:37:38,173 [http-nio-8080-exec-3] INFO  c.e.d.c.PkgController                              - Requested package details from the SQL database 
2021-08-23 13:58:20,620 [http-nio-8080-exec-5] INFO  c.e.d.c.PkgController                              - Requested package details from the SQL database 
2021-08-23 14:00:38,522 [http-nio-8080-exec-7] INFO  c.e.d.c.PkgController                              - Requested package details from the SQL database 
2021-08-23 14:09:38,036 [http-nio-8080-exec-9] INFO  c.e.d.c.PkgController                              - Requested package details from the SQL database 
2021-08-23 14:13:16,322 [http-nio-8080-exec-1] INFO  c.e.d.c.PkgController                              - Requested package details from the SQL database 
2021-08-23 14:15:25,696 [http-nio-8080-exec-3] INFO  c.e.d.c.PkgController                              - Requested package details from the SQL database 
2021-08-23 14:15:28,864 [http-nio-8080-exec-4] INFO  c.e.d.c.PkgController                              - Requested package details from the SQL database 
2021-08-23 14:27:10,494 [http-nio-8080-exec-6] INFO  c.e.d.c.PkgController                              - Requested package details from the SQL database 
2021-08-23 14:39:31,735 [http-nio-8080-exec-8] INFO  c.e.d.c.PkgController                              - Requested package details from the SQL database 
2021-08-23 14:39:57,578 [http-nio-8080-exec-9] INFO  c.e.d.c.PkgController                              - Requested package details from the SQL database 
2021-08-23 14:40:11,079 [http-nio-8080-exec-10] INFO  c.e.d.c.PkgController                              - Requested package details from the SQL database 
2021-08-23 15:10:46,533 [http-nio-8080-exec-2] INFO  c.e.d.c.PkgController                              - Requested package details from the SQL database 
2021-08-23 15:11:51,213 [http-nio-8080-exec-4] INFO  c.e.d.c.PkgController                              - Requested package details from the SQL database 
2021-08-23 17:02:20,071 [http-nio-8080-exec-6] INFO  c.e.d.c.PkgController                              - Requested package details from the SQL database 
2021-08-23 17:40:30,985 [SpringApplicationShutdownHook] INFO  c.z.h.HikariDataSource                             - packagedb - Shutdown initiated... 
2021-08-23 17:40:30,985 [SpringApplicationShutdownHook] INFO  c.z.h.HikariDataSource                             - packagedb - Shutdown completed. 
