2021-08-24 08:02:53,417 [main] INFO  c.e.d.DemoApplication                              - Starting DemoApplication using Java 16.0.2 on THARINDU-450G6 with PID 10792 (D:\ABX Package Delivery Service\ABX-delivery-app\demo-0.0.1-SNAPSHOT.jar started by TharinduWeerasinghe in D:\ABX Package Delivery Service\ABX-delivery-app) 
2021-08-24 08:02:53,489 [main] INFO  c.e.d.DemoApplication                              - No active profile set, falling back to default profiles: default 
2021-08-24 08:02:54,265 [main] INFO  o.s.d.r.c.RepositoryConfigurationDelegate          - Bootstrapping Spring Data JDBC repositories in DEFAULT mode. 
2021-08-24 08:02:54,288 [main] INFO  o.s.d.r.c.RepositoryConfigurationDelegate          - Finished Spring Data repository scanning in 17 ms. Found 0 JDBC repository interfaces. 
2021-08-24 08:02:54,998 [main] INFO  o.s.b.w.e.t.TomcatWebServer                        - Tomcat initialized with port(s): 8080 (http) 
2021-08-24 08:02:55,030 [main] INFO  o.a.c.h.Http11NioProtocol                          - Initializing ProtocolHandler ["http-nio-8080"] 
2021-08-24 08:02:55,030 [main] INFO  o.a.c.c.StandardService                            - Starting service [Tomcat] 
2021-08-24 08:02:55,030 [main] INFO  o.a.c.c.StandardEngine                             - Starting Servlet engine: [Apache Tomcat/9.0.50] 
2021-08-24 08:02:55,108 [main] INFO  o.a.c.c.C.[.[.[/]                                  - Initializing Spring embedded WebApplicationContext 
2021-08-24 08:02:55,108 [main] INFO  o.s.b.w.s.c.ServletWebServerApplicationContext     - Root WebApplicationContext: initialization completed in 1572 ms 
2021-08-24 08:02:55,170 [main] INFO  c.z.h.HikariDataSource                             - packagedb - Starting... 
2021-08-24 08:02:55,529 [main] INFO  c.z.h.HikariDataSource                             - packagedb - Start completed. 
2021-08-24 08:02:55,545 [main] INFO  o.s.b.a.h.H2ConsoleAutoConfiguration               - H2 console available at '/h2-console'. Database available at 'jdbc:mysql://localhost:3306/packagedb' 
2021-08-24 08:02:56,329 [main] INFO  o.a.c.h.Http11NioProtocol                          - Starting ProtocolHandler ["http-nio-8080"] 
2021-08-24 08:02:56,350 [main] INFO  o.s.b.w.e.t.TomcatWebServer                        - Tomcat started on port(s): 8080 (http) with context path '' 
2021-08-24 08:02:56,363 [main] INFO  c.e.d.DemoApplication                              - Started DemoApplication in 3.39 seconds (JVM running for 4.475) 
2021-08-24 08:03:00,411 [http-nio-8080-exec-1] INFO  o.a.c.c.C.[.[.[/]                                  - Initializing Spring DispatcherServlet 'dispatcherServlet' 
2021-08-24 08:03:00,411 [http-nio-8080-exec-1] INFO  o.s.w.s.DispatcherServlet                          - Initializing Servlet 'dispatcherServlet' 
2021-08-24 08:03:00,412 [http-nio-8080-exec-1] INFO  o.s.w.s.DispatcherServlet                          - Completed initialization in 0 ms 
2021-08-24 08:03:00,549 [http-nio-8080-exec-1] INFO  c.e.d.c.PkgController                              - Requested package details from the SQL database 
2021-08-24 08:03:15,351 [http-nio-8080-exec-2] INFO  c.e.d.c.PkgController                              - Requested package details from the SQL database 
2021-08-24 08:03:30,992 [http-nio-8080-exec-3] INFO  c.e.d.c.PkgController                              - Requested package details from the SQL database 
2021-08-24 08:03:42,562 [http-nio-8080-exec-4] INFO  c.e.d.c.PkgController                              - Requested package details from the SQL database 
2021-08-24 08:04:32,932 [http-nio-8080-exec-5] INFO  c.e.d.c.PkgController                              - Requested package details from the SQL database 
2021-08-24 08:08:59,480 [http-nio-8080-exec-7] INFO  c.e.d.c.PkgController                              - Requested package details from the SQL database 
2021-08-24 08:59:24,679 [http-nio-8080-exec-9] INFO  c.e.d.c.PkgController                              - Requested package details from the SQL database 
2021-08-24 09:00:33,944 [http-nio-8080-exec-1] INFO  c.e.d.c.PkgController                              - Requested package details from the SQL database 
2021-08-24 09:01:17,647 [http-nio-8080-exec-2] INFO  c.e.d.c.PkgController                              - Requested package details from the SQL database 
2021-08-24 09:01:38,530 [http-nio-8080-exec-3] INFO  c.e.d.c.PkgController                              - Requested package details from the SQL database 
2021-08-24 09:01:59,867 [http-nio-8080-exec-4] INFO  c.e.d.c.PkgController                              - Requested package details from the SQL database 
2021-08-24 09:02:43,006 [http-nio-8080-exec-5] INFO  c.e.d.c.PkgController                              - Requested package details from the SQL database 
2021-08-24 09:03:37,205 [http-nio-8080-exec-6] INFO  c.e.d.c.PkgController                              - Requested package details from the SQL database 
2021-08-24 09:03:55,574 [http-nio-8080-exec-7] INFO  c.e.d.c.PkgController                              - Requested package details from the SQL database 
2021-08-24 09:04:19,283 [http-nio-8080-exec-8] INFO  c.e.d.c.PkgController                              - Requested package details from the SQL database 
2021-08-24 09:05:33,341 [http-nio-8080-exec-10] INFO  c.e.d.c.PkgController                              - Requested package details from the SQL database 
2021-08-24 09:07:09,026 [http-nio-8080-exec-2] INFO  c.e.d.c.PkgController                              - Requested package details from the SQL database 
2021-08-24 09:07:57,430 [http-nio-8080-exec-3] INFO  c.e.d.c.PkgController                              - Requested package details from the SQL database 
2021-08-24 09:09:40,288 [http-nio-8080-exec-5] INFO  c.e.d.c.PkgController                              - Requested package details from the SQL database 
2021-08-24 09:10:19,207 [http-nio-8080-exec-6] INFO  c.e.d.c.PkgController                              - Requested package details from the SQL database 
2021-08-24 09:15:49,293 [http-nio-8080-exec-8] INFO  c.e.d.c.PkgController                              - Requested package details from the SQL database 
2021-08-24 09:17:35,308 [http-nio-8080-exec-10] INFO  c.e.d.c.PkgController                              - Requested package details from the SQL database 
2021-08-24 09:18:52,516 [http-nio-8080-exec-2] INFO  c.e.d.c.PkgController                              - Requested package details from the SQL database 
2021-08-24 09:20:59,494 [http-nio-8080-exec-4] INFO  c.e.d.c.PkgController                              - Requested package details from the SQL database 
2021-08-24 09:21:43,558 [http-nio-8080-exec-5] INFO  c.e.d.c.PkgController                              - Requested package details from the SQL database 
2021-08-24 09:22:19,842 [http-nio-8080-exec-6] INFO  c.e.d.c.PkgController                              - Requested package details from the SQL database 
2021-08-24 09:22:41,152 [http-nio-8080-exec-7] INFO  c.e.d.c.PkgController                              - Requested package details from the SQL database 
2021-08-24 09:23:07,996 [http-nio-8080-exec-8] INFO  c.e.d.c.PkgController                              - Requested package details from the SQL database 
2021-08-24 09:23:27,309 [http-nio-8080-exec-9] INFO  c.e.d.c.PkgController                              - Requested package details from the SQL database 
2021-08-24 09:23:53,969 [http-nio-8080-exec-10] INFO  c.e.d.c.PkgController                              - Requested package details from the SQL database 
2021-08-24 09:24:41,123 [http-nio-8080-exec-1] INFO  c.e.d.c.PkgController                              - Requested package details from the SQL database 
2021-08-24 09:26:51,710 [http-nio-8080-exec-3] INFO  c.e.d.c.PkgController                              - Requested package details from the SQL database 
2021-08-24 09:28:30,411 [http-nio-8080-exec-5] INFO  c.e.d.c.PkgController                              - Requested package details from the SQL database 
2021-08-24 09:30:03,688 [http-nio-8080-exec-7] INFO  c.e.d.c.PkgController                              - Requested package details from the SQL database 
2021-08-24 09:31:22,126 [http-nio-8080-exec-9] INFO  c.e.d.c.PkgController                              - Requested package details from the SQL database 
2021-08-24 09:32:14,534 [http-nio-8080-exec-10] INFO  c.e.d.c.PkgController                              - Requested package details from the SQL database 
2021-08-24 09:35:53,628 [http-nio-8080-exec-2] INFO  c.e.d.c.PkgController                              - Requested package details from the SQL database 
2021-08-24 09:44:05,674 [http-nio-8080-exec-4] INFO  c.e.d.c.PkgController                              - Requested package details from the SQL database 
2021-08-24 09:44:22,025 [http-nio-8080-exec-5] INFO  c.e.d.c.PkgController                              - Requested package details from the SQL database 
2021-08-24 10:42:19,263 [http-nio-8080-exec-7] INFO  c.e.d.c.PkgController                              - Requested package details from the SQL database 
2021-08-24 10:43:29,199 [http-nio-8080-exec-9] INFO  c.e.d.c.PkgController                              - Requested package details from the SQL database 
2021-08-24 10:45:00,668 [http-nio-8080-exec-1] INFO  c.e.d.c.PkgController                              - Requested package details from the SQL database 
2021-08-24 10:45:22,848 [http-nio-8080-exec-2] INFO  c.e.d.c.PkgController                              - Requested package details from the SQL database 
2021-08-24 10:45:45,564 [http-nio-8080-exec-3] INFO  c.e.d.c.PkgController                              - Requested package details from the SQL database 
2021-08-24 10:46:16,080 [http-nio-8080-exec-4] INFO  c.e.d.c.PkgController                              - Requested package details from the SQL database 
2021-08-24 10:46:48,602 [http-nio-8080-exec-5] INFO  c.e.d.c.PkgController                              - Requested package details from the SQL database 
2021-08-24 10:54:30,560 [http-nio-8080-exec-7] INFO  c.e.d.c.PkgController                              - Requested package details from the SQL database 
2021-08-24 10:55:16,783 [http-nio-8080-exec-8] INFO  c.e.d.c.PkgController                              - Requested package details from the SQL database 
2021-08-24 10:55:31,151 [http-nio-8080-exec-10] INFO  c.e.d.c.PkgController                              - Updated package details from the SQL database 
2021-08-24 10:56:42,657 [http-nio-8080-exec-2] INFO  c.e.d.c.PkgController                              - Requested package details from the SQL database 
2021-08-24 10:56:55,967 [http-nio-8080-exec-3] INFO  c.e.d.c.PkgController                              - Updated package details from the SQL database 
2021-08-24 10:58:03,970 [http-nio-8080-exec-5] INFO  c.e.d.c.PkgController                              - Requested package details from the SQL database 
2021-08-24 10:58:12,917 [http-nio-8080-exec-6] INFO  c.e.d.c.PkgController                              - Updated package details from the SQL database 
2021-08-24 10:58:40,121 [http-nio-8080-exec-7] INFO  c.e.d.c.PkgController                              - Requested package details from the SQL database 
2021-08-24 10:58:48,980 [http-nio-8080-exec-8] INFO  c.e.d.c.PkgController                              - Updated package details from the SQL database 
2021-08-24 10:59:20,423 [http-nio-8080-exec-9] INFO  c.e.d.c.PkgController                              - Requested package details from the SQL database 
2021-08-24 10:59:51,697 [http-nio-8080-exec-10] INFO  c.e.d.c.PkgController                              - Requested package details from the SQL database 
2021-08-24 11:31:43,342 [http-nio-8080-exec-2] INFO  c.e.d.c.PkgController                              - Requested package details from the SQL database 
2021-08-24 11:32:49,582 [http-nio-8080-exec-4] INFO  c.e.d.c.PkgController                              - Requested package details from the SQL database 
2021-08-24 11:33:01,507 [http-nio-8080-exec-6] INFO  c.e.d.c.PkgController                              - Updated package details from the SQL database 
2021-08-24 11:33:20,749 [http-nio-8080-exec-7] INFO  c.e.d.c.PkgController                              - Updated package details from the SQL database 
2021-08-24 11:42:56,149 [http-nio-8080-exec-9] INFO  c.e.d.c.PkgController                              - Requested package details from the SQL database 
2021-08-24 11:44:11,243 [http-nio-8080-exec-1] INFO  c.e.d.c.PkgController                              - Requested package details from the SQL database 
2021-08-24 11:47:57,685 [http-nio-8080-exec-3] INFO  c.e.d.c.PkgController                              - Requested package details from the SQL database 
2021-08-24 11:50:04,154 [http-nio-8080-exec-5] INFO  c.e.d.c.PkgController                              - Requested package details from the SQL database 
2021-08-24 11:54:34,323 [http-nio-8080-exec-7] INFO  c.e.d.c.PkgController                              - Requested package details from the SQL database 
2021-08-24 11:55:32,320 [http-nio-8080-exec-8] INFO  c.e.d.c.PkgController                              - Requested package details from the SQL database 
2021-08-24 11:56:31,385 [http-nio-8080-exec-9] INFO  c.e.d.c.PkgController                              - Requested package details from the SQL database 
2021-08-24 11:57:10,630 [http-nio-8080-exec-10] INFO  c.e.d.c.PkgController                              - Requested package details from the SQL database 
2021-08-24 12:01:20,067 [http-nio-8080-exec-2] INFO  c.e.d.c.PkgController                              - Requested package details from the SQL database 
2021-08-24 12:05:59,926 [http-nio-8080-exec-4] INFO  c.e.d.c.PkgController                              - Requested package details from the SQL database 
2021-08-24 12:06:09,068 [http-nio-8080-exec-6] INFO  c.e.d.c.PkgController                              - Updated package details from the SQL database 
2021-08-24 12:07:12,545 [http-nio-8080-exec-8] INFO  c.e.d.c.PkgController                              - Requested package details from the SQL database 
2021-08-24 12:07:24,692 [http-nio-8080-exec-9] INFO  c.e.d.c.PkgController                              - Updated package details from the SQL database 
2021-08-24 12:14:31,574 [http-nio-8080-exec-1] INFO  c.e.d.c.PkgController                              - Requested package details from the SQL database 
2021-08-24 12:14:57,724 [http-nio-8080-exec-2] INFO  c.e.d.c.PkgController                              - Updated package details from the SQL database 
2021-08-24 12:19:24,074 [http-nio-8080-exec-4] INFO  c.e.d.c.PkgController                              - Requested package details from the SQL database 
2021-08-24 12:21:23,819 [http-nio-8080-exec-6] INFO  c.e.d.c.PkgController                              - Requested package details from the SQL database 
2021-08-24 12:21:34,495 [http-nio-8080-exec-8] INFO  c.e.d.c.PkgController                              - Updated package details from the SQL database 
2021-08-24 12:22:10,672 [http-nio-8080-exec-9] INFO  c.e.d.c.PkgController                              - Requested package details from the SQL database 
2021-08-24 12:22:20,476 [http-nio-8080-exec-10] INFO  c.e.d.c.PkgController                              - Updated package details from the SQL database 
2021-08-24 12:22:45,697 [http-nio-8080-exec-1] INFO  c.e.d.c.PkgController                              - Updated package details from the SQL database 
2021-08-24 12:33:04,405 [http-nio-8080-exec-3] INFO  c.e.d.c.PkgController                              - Updated package details from the SQL database 
2021-08-24 12:33:57,759 [http-nio-8080-exec-4] INFO  c.e.d.c.PkgController                              - Updated package details from the SQL database 
2021-08-24 12:34:36,358 [http-nio-8080-exec-5] INFO  c.e.d.c.PkgController                              - Requested package details from the SQL database 
2021-08-24 12:34:44,764 [http-nio-8080-exec-6] INFO  c.e.d.c.PkgController                              - Updated package details from the SQL database 
2021-08-24 12:37:17,917 [http-nio-8080-exec-8] INFO  c.e.d.c.PkgController                              - Requested package details from the SQL database 
2021-08-24 12:38:06,719 [http-nio-8080-exec-9] INFO  c.e.d.c.PkgController                              - Requested package details from the SQL database 
2021-08-24 12:38:18,105 [http-nio-8080-exec-10] INFO  c.e.d.c.PkgController                              - Updated package details from the SQL database 
2021-08-24 12:40:29,936 [http-nio-8080-exec-2] INFO  c.e.d.c.PkgController                              - Requested package details from the SQL database 
2021-08-24 12:40:49,171 [http-nio-8080-exec-3] INFO  c.e.d.c.PkgController                              - Updated package details from the SQL database 
2021-08-24 12:43:37,921 [http-nio-8080-exec-5] INFO  c.e.d.c.PkgController                              - Requested package details from the SQL database 
2021-08-24 12:44:24,272 [http-nio-8080-exec-6] INFO  c.e.d.c.PkgController                              - Requested package details from the SQL database 
2021-08-24 12:44:40,001 [http-nio-8080-exec-7] INFO  c.e.d.c.PkgController                              - Updated package details from the SQL database 
2021-08-24 13:09:59,768 [http-nio-8080-exec-10] INFO  c.e.d.c.PkgController                              - Updated package details from the SQL database 
2021-08-24 13:10:30,946 [http-nio-8080-exec-1] INFO  c.e.d.c.PkgController                              - Requested package details from the SQL database 
2021-08-24 13:11:37,309 [http-nio-8080-exec-3] INFO  c.e.d.c.PkgController                              - Requested package details from the SQL database 
2021-08-24 13:12:02,286 [http-nio-8080-exec-5] INFO  c.e.d.c.PkgController                              - Updated package details from the SQL database 
2021-08-24 13:13:41,884 [http-nio-8080-exec-7] INFO  c.e.d.c.PkgController                              - Requested package details from the SQL database 
2021-08-24 13:13:51,619 [http-nio-8080-exec-9] INFO  c.e.d.c.PkgController                              - Updated package details from the SQL database 
2021-08-24 13:14:22,847 [http-nio-8080-exec-10] INFO  c.e.d.c.PkgController                              - Requested package details from the SQL database 
2021-08-24 13:14:33,001 [http-nio-8080-exec-1] INFO  c.e.d.c.PkgController                              - Requested package details from the SQL database 
2021-08-24 13:14:43,597 [http-nio-8080-exec-3] INFO  c.e.d.c.PkgController                              - Updated package details from the SQL database 
2021-08-24 13:14:47,037 [http-nio-8080-exec-4] INFO  c.e.d.c.PkgController                              - Updated package details from the SQL database 
2021-08-24 13:21:57,209 [http-nio-8080-exec-6] INFO  c.e.d.c.PkgController                              - Requested package details from the SQL database 
2021-08-24 13:22:00,290 [http-nio-8080-exec-7] INFO  c.e.d.c.PkgController                              - Updated package details from the SQL database 
2021-08-24 13:22:07,844 [http-nio-8080-exec-8] INFO  c.e.d.c.PkgController                              - Requested package details from the SQL database 
2021-08-24 13:22:18,937 [http-nio-8080-exec-9] INFO  c.e.d.c.PkgController                              - Updated package details from the SQL database 
2021-08-24 13:23:12,782 [http-nio-8080-exec-10] INFO  c.e.d.c.PkgController                              - Requested package details from the SQL database 
2021-08-24 13:23:20,388 [http-nio-8080-exec-1] INFO  c.e.d.c.PkgController                              - Updated package details from the SQL database 
2021-08-24 13:25:34,272 [http-nio-8080-exec-3] INFO  c.e.d.c.PkgController                              - Requested package details from the SQL database 
2021-08-24 13:25:46,816 [http-nio-8080-exec-4] INFO  c.e.d.c.PkgController                              - Requested package details from the SQL database 
2021-08-24 13:25:57,582 [http-nio-8080-exec-5] INFO  c.e.d.c.PkgController                              - Requested package details from the SQL database 
2021-08-24 13:26:06,602 [http-nio-8080-exec-6] INFO  c.e.d.c.PkgController                              - Updated package details from the SQL database 
2021-08-24 13:27:24,781 [http-nio-8080-exec-8] INFO  c.e.d.c.PkgController                              - Requested package details from the SQL database 
2021-08-24 13:27:33,031 [http-nio-8080-exec-9] INFO  c.e.d.c.PkgController                              - Updated package details from the SQL database 
2021-08-24 13:28:02,264 [http-nio-8080-exec-10] INFO  c.e.d.c.PkgController                              - Requested package details from the SQL database 
2021-08-24 13:28:14,527 [http-nio-8080-exec-1] INFO  c.e.d.c.PkgController                              - Updated package details from the SQL database 
2021-08-24 13:28:21,050 [http-nio-8080-exec-2] INFO  c.e.d.c.PkgController                              - Updated package details from the SQL database 
2021-08-24 13:28:30,323 [http-nio-8080-exec-3] INFO  c.e.d.c.PkgController                              - Updated package details from the SQL database 
2021-08-24 13:28:43,929 [http-nio-8080-exec-4] INFO  c.e.d.c.PkgController                              - Updated package details from the SQL database 
2021-08-24 13:29:41,095 [http-nio-8080-exec-5] INFO  c.e.d.c.PkgController                              - Requested package details from the SQL database 
2021-08-24 13:29:58,836 [http-nio-8080-exec-6] INFO  c.e.d.c.PkgController                              - Requested package details from the SQL database 
2021-08-24 13:30:48,154 [http-nio-8080-exec-7] INFO  c.e.d.c.PkgController                              - Requested package details from the SQL database 
2021-08-24 13:30:55,890 [http-nio-8080-exec-8] INFO  c.e.d.c.PkgController                              - Updated package details from the SQL database 
2021-08-24 13:31:31,925 [http-nio-8080-exec-9] INFO  c.e.d.c.PkgController                              - Requested package details from the SQL database 
2021-08-24 13:32:52,092 [http-nio-8080-exec-3] INFO  c.e.d.c.PkgController                              - Requested package details from the SQL database 
2021-08-24 13:42:19,844 [http-nio-8080-exec-5] INFO  c.e.d.c.PkgController                              - Requested package details from the SQL database 
2021-08-24 13:47:18,936 [http-nio-8080-exec-7] INFO  c.e.d.c.PkgController                              - Requested package details from the SQL database 
2021-08-24 14:00:30,285 [http-nio-8080-exec-9] INFO  c.e.d.c.PkgController                              - Requested package details from the SQL database 
2021-08-24 14:00:38,888 [http-nio-8080-exec-10] INFO  c.e.d.c.PkgController                              - Requested package details from the SQL database 
2021-08-24 14:01:33,464 [http-nio-8080-exec-1] INFO  c.e.d.c.PkgController                              - Requested package details from the SQL database 
2021-08-24 14:02:13,742 [http-nio-8080-exec-2] INFO  c.e.d.c.PkgController                              - Requested package details from the SQL database 
2021-08-24 14:02:39,197 [http-nio-8080-exec-3] INFO  c.e.d.c.PkgController                              - Requested package details from the SQL database 
2021-08-24 14:02:52,227 [http-nio-8080-exec-4] INFO  c.e.d.c.PkgController                              - Requested package details from the SQL database 
2021-08-24 14:03:02,792 [http-nio-8080-exec-5] INFO  c.e.d.c.PkgController                              - Requested package details from the SQL database 
2021-08-24 14:05:15,217 [http-nio-8080-exec-7] INFO  c.e.d.c.PkgController                              - Requested package details from the SQL database 
2021-08-24 14:05:40,227 [http-nio-8080-exec-8] INFO  c.e.d.c.PkgController                              - Requested package details from the SQL database 
2021-08-24 14:06:49,829 [http-nio-8080-exec-10] INFO  c.e.d.c.PkgController                              - Requested package details from the SQL database 
2021-08-24 14:11:18,002 [http-nio-8080-exec-2] INFO  c.e.d.c.PkgController                              - Requested package details from the SQL database 
2021-08-24 14:11:36,166 [http-nio-8080-exec-4] INFO  c.e.d.c.PkgController                              - Updated package details from the SQL database 
2021-08-24 14:12:05,494 [http-nio-8080-exec-5] INFO  c.e.d.c.PkgController                              - Requested package details from the SQL database 
2021-08-24 14:12:28,270 [http-nio-8080-exec-6] INFO  c.e.d.c.PkgController                              - Requested package details from the SQL database 
2021-08-24 14:12:45,183 [http-nio-8080-exec-7] INFO  c.e.d.c.PkgController                              - Requested package details from the SQL database 
2021-08-24 14:13:00,520 [http-nio-8080-exec-8] INFO  c.e.d.c.PkgController                              - Requested package details from the SQL database 
2021-08-24 14:13:26,475 [http-nio-8080-exec-9] INFO  c.e.d.c.PkgController                              - Requested package details from the SQL database 
2021-08-24 14:13:49,829 [http-nio-8080-exec-1] INFO  c.e.d.c.PkgController                              - Requested package details from the SQL database 
2021-08-24 14:14:08,819 [http-nio-8080-exec-2] INFO  c.e.d.c.PkgController                              - Requested package details from the SQL database 
2021-08-24 14:23:06,941 [http-nio-8080-exec-5] INFO  c.e.d.c.PkgController                              - Requested package details from the SQL database 
2021-08-24 14:23:16,350 [http-nio-8080-exec-6] INFO  c.e.d.c.PkgController                              - Requested package details from the SQL database 
2021-08-24 14:23:24,036 [http-nio-8080-exec-8] INFO  c.e.d.c.PkgController                              - Updated package details from the SQL database 
2021-08-24 14:23:47,717 [http-nio-8080-exec-9] INFO  c.e.d.c.PkgController                              - Requested package details from the SQL database 
2021-08-24 14:24:06,800 [http-nio-8080-exec-10] INFO  c.e.d.c.PkgController                              - Updated package details from the SQL database 
2021-08-24 14:24:28,125 [http-nio-8080-exec-1] INFO  c.e.d.c.PkgController                              - Requested package details from the SQL database 
2021-08-24 14:25:18,231 [http-nio-8080-exec-2] INFO  c.e.d.c.PkgController                              - Requested package details from the SQL database 
2021-08-24 14:25:27,465 [http-nio-8080-exec-3] INFO  c.e.d.c.PkgController                              - Updated package details from the SQL database 
2021-08-24 14:26:19,716 [http-nio-8080-exec-4] INFO  c.e.d.c.PkgController                              - Requested package details from the SQL database 
2021-08-24 14:26:29,296 [http-nio-8080-exec-5] INFO  c.e.d.c.PkgController                              - Requested package details from the SQL database 
2021-08-24 14:26:45,284 [http-nio-8080-exec-6] INFO  c.e.d.c.PkgController                              - Requested package details from the SQL database 
2021-08-24 14:26:51,252 [http-nio-8080-exec-7] INFO  c.e.d.c.PkgController                              - Requested package details from the SQL database 
2021-08-24 14:34:33,687 [http-nio-8080-exec-9] INFO  c.e.d.c.PkgController                              - Deleted package details from the SQL database 
2021-08-24 14:34:52,312 [http-nio-8080-exec-10] INFO  c.e.d.c.PkgController                              - Deleted package details from the SQL database 
2021-08-24 16:01:46,026 [http-nio-8080-exec-2] INFO  c.e.d.c.PkgController                              - Requested package details from the SQL database 
2021-08-24 16:01:48,461 [http-nio-8080-exec-3] INFO  c.e.d.c.PkgController                              - Requested package details from the SQL database 
2021-08-24 16:01:49,406 [http-nio-8080-exec-4] INFO  c.e.d.c.PkgController                              - Requested package details from the SQL database 
2021-08-24 16:51:17,046 [http-nio-8080-exec-7] INFO  c.e.d.c.PkgStoreDetailsController                  - Saveed package store details to the SQL database 
2021-08-24 16:54:40,900 [http-nio-8080-exec-9] INFO  c.e.d.c.PkgStoreDetailsController                  - Saveed package store details to the SQL database 
2021-08-24 16:56:15,085 [http-nio-8080-exec-1] INFO  c.e.d.c.PkgStoreDetailsController                  - Saveed package store details to the SQL database 
2021-08-24 16:58:22,642 [http-nio-8080-exec-3] INFO  c.e.d.c.PkgController                              - Requested package details from the SQL database 
2021-08-24 17:00:18,009 [http-nio-8080-exec-5] INFO  c.e.d.c.PkgStoreDetailsController                  - Requested package store details from the SQL database 
2021-08-24 17:34:58,527 [packagedb housekeeper] WARN  c.z.h.p.HikariPool                                 - packagedb - Thread starvation or clock leap detected (housekeeper delta=11m23s760ms580µs200ns). 
2021-08-24 18:17:52,554 [http-nio-8080-exec-7] INFO  c.e.d.c.PkgController                              - Requested package details from the SQL database 
2021-08-24 19:02:11,966 [http-nio-8080-exec-10] INFO  c.e.d.c.PkgStoreDetailsController                  - Saveed package store details to the SQL database 
2021-08-24 20:52:37,687 [packagedb housekeeper] WARN  c.z.h.p.HikariPool                                 - packagedb - Thread starvation or clock leap detected (housekeeper delta=16m6s459ms266µs400ns). 
2021-08-24 21:16:59,082 [http-nio-8080-exec-2] INFO  c.e.d.c.PkgStoreDetailsController                  - Requested package store details from the SQL database 
2021-08-24 21:17:00,794 [http-nio-8080-exec-3] INFO  c.e.d.c.PkgStoreDetailsController                  - Requested package store details from the SQL database 
2021-08-24 21:17:05,016 [http-nio-8080-exec-4] INFO  c.e.d.c.PkgStoreDetailsController                  - Requested package store details from the SQL database 
2021-08-24 21:17:06,153 [http-nio-8080-exec-5] INFO  c.e.d.c.PkgStoreDetailsController                  - Requested package store details from the SQL database 
2021-08-24 21:17:12,794 [http-nio-8080-exec-6] INFO  c.e.d.c.PkgStoreDetailsController                  - Requested package store details from the SQL database 
2021-08-24 21:17:40,577 [http-nio-8080-exec-7] INFO  c.e.d.c.PkgStoreDetailsController                  - Requested package store details from the SQL database 
2021-08-24 21:21:05,025 [http-nio-8080-exec-9] INFO  c.e.d.c.PkgStoreDetailsController                  - Requested package store details from the SQL database 
2021-08-24 21:33:49,657 [http-nio-8080-exec-1] INFO  c.e.d.c.PkgStoreDetailsController                  - Requested package store details from the SQL database 
2021-08-24 21:34:46,566 [http-nio-8080-exec-2] INFO  c.e.d.c.PkgStoreDetailsController                  - Requested package store details from the SQL database 
2021-08-24 21:35:24,294 [http-nio-8080-exec-3] INFO  c.e.d.c.PkgStoreDetailsController                  - Requested package store details from the SQL database 
2021-08-24 21:35:54,082 [http-nio-8080-exec-4] INFO  c.e.d.c.PkgStoreDetailsController                  - Requested package store details from the SQL database 
2021-08-24 21:36:01,847 [http-nio-8080-exec-5] INFO  c.e.d.c.PkgStoreDetailsController                  - Requested package store details from the SQL database 
2021-08-24 21:36:51,437 [http-nio-8080-exec-6] INFO  c.e.d.c.PkgStoreDetailsController                  - Requested package store details from the SQL database 
2021-08-24 22:01:44,142 [http-nio-8080-exec-8] INFO  c.e.d.c.PkgStoreDetailsController                  - Requested package store details from the SQL database 
2021-08-24 22:02:37,555 [http-nio-8080-exec-9] INFO  c.e.d.c.PkgStoreDetailsController                  - Requested package store details from the SQL database 
2021-08-24 22:10:45,910 [http-nio-8080-exec-1] INFO  c.e.d.c.PkgStoreDetailsController                  - Requested package store details from the SQL database 
2021-08-24 22:13:43,260 [http-nio-8080-exec-3] INFO  c.e.d.c.PkgStoreDetailsController                  - Requested package store details from the SQL database 
2021-08-24 22:14:11,167 [http-nio-8080-exec-4] INFO  c.e.d.c.PkgStoreDetailsController                  - Requested package store details from the SQL database 
2021-08-24 22:16:20,141 [http-nio-8080-exec-6] INFO  c.e.d.c.PkgStoreDetailsController                  - Requested package store details from the SQL database 
2021-08-24 22:16:58,280 [http-nio-8080-exec-7] INFO  c.e.d.c.PkgStoreDetailsController                  - Requested package store details from the SQL database 
2021-08-24 22:17:57,695 [http-nio-8080-exec-8] INFO  c.e.d.c.PkgStoreDetailsController                  - Requested package store details from the SQL database 
2021-08-24 22:18:14,853 [http-nio-8080-exec-9] INFO  c.e.d.c.PkgStoreDetailsController                  - Requested package store details from the SQL database 
2021-08-24 22:19:06,043 [http-nio-8080-exec-10] INFO  c.e.d.c.PkgStoreDetailsController                  - Requested package store details from the SQL database 
2021-08-24 22:25:39,453 [http-nio-8080-exec-2] INFO  c.e.d.c.PkgStoreDetailsController                  - Requested package store details from the SQL database 
2021-08-24 22:27:20,877 [http-nio-8080-exec-4] INFO  c.e.d.c.PkgStoreDetailsController                  - Requested package store details from the SQL database 
2021-08-24 22:27:54,711 [http-nio-8080-exec-5] INFO  c.e.d.c.PkgStoreDetailsController                  - Requested package store details from the SQL database 
2021-08-24 22:27:57,550 [http-nio-8080-exec-7] INFO  c.e.d.c.PkgStoreDetailsController                  - Updated package store details to the SQL database 
